# JRE version: OpenJDK Runtime Environment (8.0_76-b03) (build 1.8.0_76-release-b03)
# Java VM: OpenJDK 64-Bit Server VM (25.76-b03 mixed mode windows-amd64 compressed oops)
Heap:
 PSYoungGen      total 70656K, used 41338K [0x00000000eab00000, 0x00000000efe00000, 0x0000000100000000)
  eden space 63488K, 54% used [0x00000000eab00000,0x00000000ecc7ed80,0x00000000ee900000)
  from space 7168K, 98% used [0x00000000ee900000,0x00000000eefdfc78,0x00000000ef000000)
  to   space 7680K, 0% used [0x00000000ef680000,0x00000000ef680000,0x00000000efe00000)
 ParOldGen       total 36864K, used 15636K [0x00000000c0000000, 0x00000000c2400000, 0x00000000eab00000)
  object space 36864K, 42% used [0x00000000c0000000,0x00000000c0f45268,0x00000000c2400000)
 Metaspace       used 42949K, capacity 43950K, committed 44288K, reserved 1089536K
  class space    used 5756K, capacity 6026K, committed 6144K, reserved 1048576K
GC Heap History (10 events):
Event: 19.275 GC heap before
{Heap before GC invocations=11 (full 1):
 PSYoungGen      total 70656K, used 70409K [0x00000000eab00000, 0x00000000efe00000, 0x0000000100000000)
  eden space 63488K, 100% used [0x00000000eab00000,0x00000000ee900000,0x00000000ee900000)
  from space 7168K, 96% used [0x00000000ee900000,0x00000000eefc27b8,0x00000000ef000000)
  to   space 7680K, 0% used [0x00000000ef680000,0x00000000ef680000,0x00000000efe00000)
 ParOldGen       total 36864K, used 8849K [0x00000000c0000000, 0x00000000c2400000, 0x00000000eab00000)
  object space 36864K, 24% used [0x00000000c0000000,0x00000000c08a4518,0x00000000c2400000)
 Metaspace       used 28457K, capacity 29060K, committed 29440K, reserved 1075200K
  class space    used 3863K, capacity 4004K, committed 4096K, reserved 1048576K
Event: 19.289 GC heap after
Heap after GC invocations=11 (full 1):
 PSYoungGen      total 71168K, used 3099K [0x00000000eab00000, 0x00000000efe00000, 0x0000000100000000)
  eden space 63488K, 0% used [0x00000000eab00000,0x00000000eab00000,0x00000000ee900000)
  from space 7680K, 40% used [0x00000000ef680000,0x00000000ef986fa8,0x00000000efe00000)
  to   space 7168K, 0% used [0x00000000ee900000,0x00000000ee900000,0x00000000ef000000)
 ParOldGen       total 36864K, used 10741K [0x00000000c0000000, 0x00000000c2400000, 0x00000000eab00000)
  object space 36864K, 29% used [0x00000000c0000000,0x00000000c0a7d538,0x00000000c2400000)
 Metaspace       used 28457K, capacity 29060K, committed 29440K, reserved 1075200K
  class space    used 3863K, capacity 4004K, committed 4096K, reserved 1048576K
}
Event: 21.123 GC heap before
{Heap before GC invocations=12 (full 1):
 PSYoungGen      total 71168K, used 66587K [0x00000000eab00000, 0x00000000efe00000, 0x0000000100000000)
  eden space 63488K, 100% used [0x00000000eab00000,0x00000000ee900000,0x00000000ee900000)
  from space 7680K, 40% used [0x00000000ef680000,0x00000000ef986fa8,0x00000000efe00000)
  to   space 7168K, 0% used [0x00000000ee900000,0x00000000ee900000,0x00000000ef000000)
 ParOldGen       total 36864K, used 10741K [0x00000000c0000000, 0x00000000c2400000, 0x00000000eab00000)
  object space 36864K, 29% used [0x00000000c0000000,0x00000000c0a7d538,0x00000000c2400000)
 Metaspace       used 33150K, capacity 33968K, committed 34176K, reserved 1079296K
  class space    used 4463K, capacity 4688K, committed 4736K, reserved 1048576K
Event: 21.142 GC heap after
Heap after GC invocations=12 (full 1):
 PSYoungGen      total 70656K, used 5981K [0x00000000eab00000, 0x00000000efe00000, 0x0000000100000000)
  eden space 63488K, 0% used [0x00000000eab00000,0x00000000eab00000,0x00000000ee900000)
  from space 7168K, 83% used [0x00000000ee900000,0x00000000eeed7498,0x00000000ef000000)
  to   space 7680K, 0% used [0x00000000ef680000,0x00000000ef680000,0x00000000efe00000)
 ParOldGen       total 36864K, used 12302K [0x00000000c0000000, 0x00000000c2400000, 0x00000000eab00000)
  object space 36864K, 33% used [0x00000000c0000000,0x00000000c0c03980,0x00000000c2400000)
 Metaspace       used 33150K, capacity 33968K, committed 34176K, reserved 1079296K
  class space    used 4463K, capacity 4688K, committed 4736K, reserved 1048576K
}
Event: 21.601 GC heap before
{Heap before GC invocations=13 (full 1):
 PSYoungGen      total 70656K, used 30779K [0x00000000eab00000, 0x00000000efe00000, 0x0000000100000000)
  eden space 63488K, 39% used [0x00000000eab00000,0x00000000ec337850,0x00000000ee900000)
  from space 7168K, 83% used [0x00000000ee900000,0x00000000eeed7498,0x00000000ef000000)
  to   space 7680K, 0% used [0x00000000ef680000,0x00000000ef680000,0x00000000efe00000)
 ParOldGen       total 36864K, used 12302K [0x00000000c0000000, 0x00000000c2400000, 0x00000000eab00000)
  object space 36864K, 33% used [0x00000000c0000000,0x00000000c0c03980,0x00000000c2400000)
 Metaspace       used 34624K, capacity 35284K, committed 35416K, reserved 1079296K
  class space    used 4649K, capacity 4822K, committed 4864K, reserved 1048576K
Event: 21.615 GC heap after
Heap after GC invocations=13 (full 1):
 PSYoungGen      total 71168K, used 2313K [0x00000000eab00000, 0x00000000efe00000, 0x0000000100000000)
  eden space 63488K, 0% used [0x00000000eab00000,0x00000000eab00000,0x00000000ee900000)
  from space 7680K, 30% used [0x00000000ef680000,0x00000000ef8c25d0,0x00000000efe00000)
  to   space 7168K, 0% used [0x00000000ee900000,0x00000000ee900000,0x00000000ef000000)
 ParOldGen       total 36864K, used 14370K [0x00000000c0000000, 0x00000000c2400000, 0x00000000eab00000)
  object space 36864K, 38% used [0x00000000c0000000,0x00000000c0e089b0,0x00000000c2400000)
 Metaspace       used 34624K, capacity 35284K, committed 35416K, reserved 1079296K
  class space    used 4649K, capacity 4822K, committed 4864K, reserved 1048576K
}
Event: 21.615 GC heap before
{Heap before GC invocations=14 (full 2):
 PSYoungGen      total 71168K, used 2313K [0x00000000eab00000, 0x00000000efe00000, 0x0000000100000000)
  eden space 63488K, 0% used [0x00000000eab00000,0x00000000eab00000,0x00000000ee900000)
  from space 7680K, 30% used [0x00000000ef680000,0x00000000ef8c25d0,0x00000000efe00000)
  to   space 7168K, 0% used [0x00000000ee900000,0x00000000ee900000,0x00000000ef000000)
 ParOldGen       total 36864K, used 14370K [0x00000000c0000000, 0x00000000c2400000, 0x00000000eab00000)
  object space 36864K, 38% used [0x00000000c0000000,0x00000000c0e089b0,0x00000000c2400000)
 Metaspace       used 34624K, capacity 35284K, committed 35416K, reserved 1079296K
  class space    used 4649K, capacity 4822K, committed 4864K, reserved 1048576K
Event: 21.745 GC heap after
Heap after GC invocations=14 (full 2):
 PSYoungGen      total 71168K, used 0K [0x00000000eab00000, 0x00000000efe00000, 0x0000000100000000)
  eden space 63488K, 0% used [0x00000000eab00000,0x00000000eab00000,0x00000000ee900000)
  from space 7680K, 0% used [0x00000000ef680000,0x00000000ef680000,0x00000000efe00000)
  to   space 7168K, 0% used [0x00000000ee900000,0x00000000ee900000,0x00000000ef000000)
 ParOldGen       total 36864K, used 15564K [0x00000000c0000000, 0x00000000c2400000, 0x00000000eab00000)
  object space 36864K, 42% used [0x00000000c0000000,0x00000000c0f33258,0x00000000c2400000)
 Metaspace       used 34624K, capacity 35284K, committed 35416K, reserved 1079296K
  class space    used 4649K, capacity 4822K, committed 4864K, reserved 1048576K
}
Event: 23.327 GC heap before
{Heap before GC invocations=15 (full 2):
 PSYoungGen      total 71168K, used 63488K [0x00000000eab00000, 0x00000000efe00000, 0x0000000100000000)
  eden space 63488K, 100% used [0x00000000eab00000,0x00000000ee900000,0x00000000ee900000)
  from space 7680K, 0% used [0x00000000ef680000,0x00000000ef680000,0x00000000efe00000)
  to   space 7168K, 0% used [0x00000000ee900000,0x00000000ee900000,0x00000000ef000000)
 ParOldGen       total 36864K, used 15564K [0x00000000c0000000, 0x00000000c2400000, 0x00000000eab00000)
  object space 36864K, 42% used [0x00000000c0000000,0x00000000c0f33258,0x00000000c2400000)
 Metaspace       used 41610K, capacity 42556K, committed 42752K, reserved 1085440K
  class space    used 5575K, capacity 5831K, committed 5888K, reserved 1048576K
Event: 23.337 GC heap after
Heap after GC invocations=15 (full 2):
 PSYoungGen      total 70656K, used 7039K [0x00000000eab00000, 0x00000000efe00000, 0x0000000100000000)
  eden space 63488K, 0% used [0x00000000eab00000,0x00000000eab00000,0x00000000ee900000)
  from space 7168K, 98% used [0x00000000ee900000,0x00000000eefdfc78,0x00000000ef000000)
  to   space 7680K, 0% used [0x00000000ef680000,0x00000000ef680000,0x00000000efe00000)
 ParOldGen       total 36864K, used 15636K [0x00000000c0000000, 0x00000000c2400000, 0x00000000eab00000)
  object space 36864K, 42% used [0x00000000c0000000,0x00000000c0f45268,0x00000000c2400000)
 Metaspace       used 41610K, capacity 42556K, committed 42752K, reserved 1085440K
  class space    used 5575K, capacity 5831K, committed 5888K, reserved 1048576K
}

