# JRE version: OpenJDK Runtime Environment (8.0_76-b03) (build 1.8.0_76-release-b03)
# Java VM: OpenJDK 64-Bit Server VM (25.76-b03 mixed mode windows-amd64 compressed oops)
Heap:
 PSYoungGen      total 23552K, used 7641K [0x00000000eab00000, 0x00000000ed100000, 0x0000000100000000)
  eden space 16384K, 36% used [0x00000000eab00000,0x00000000eb0e3750,0x00000000ebb00000)
  from space 7168K, 22% used [0x00000000ebb00000,0x00000000ebc92f90,0x00000000ec200000)
  to   space 7680K, 0% used [0x00000000ec980000,0x00000000ec980000,0x00000000ed100000)
 ParOldGen       total 35328K, used 11586K [0x00000000c0000000, 0x00000000c2280000, 0x00000000eab00000)
  object space 35328K, 32% used [0x00000000c0000000,0x00000000c0b50b18,0x00000000c2280000)
 Metaspace       used 25186K, capacity 25794K, committed 25984K, reserved 1071104K
  class space    used 3421K, capacity 3593K, committed 3712K, reserved 1048576K
GC Heap History (10 events):
Event: 8.420 GC heap before
{Heap before GC invocations=8 (full 0):
 PSYoungGen      total 18944K, used 5443K [0x00000000eab00000, 0x00000000ec900000, 0x0000000100000000)
  eden space 16384K, 17% used [0x00000000eab00000,0x00000000eadd4c50,0x00000000ebb00000)
  from space 2560K, 99% used [0x00000000ebb00000,0x00000000ebd7c030,0x00000000ebd80000)
  to   space 7168K, 0% used [0x00000000ec200000,0x00000000ec200000,0x00000000ec900000)
 ParOldGen       total 44032K, used 11596K [0x00000000c0000000, 0x00000000c2b00000, 0x00000000eab00000)
  object space 44032K, 26% used [0x00000000c0000000,0x00000000c0b531f8,0x00000000c2b00000)
 Metaspace       used 20735K, capacity 21160K, committed 21248K, reserved 1067008K
  class space    used 2670K, capacity 2802K, committed 2816K, reserved 1048576K
Event: 8.427 GC heap after
Heap after GC invocations=8 (full 0):
 PSYoungGen      total 23552K, used 2185K [0x00000000eab00000, 0x00000000ec900000, 0x0000000100000000)
  eden space 16384K, 0% used [0x00000000eab00000,0x00000000eab00000,0x00000000ebb00000)
  from space 7168K, 30% used [0x00000000ec200000,0x00000000ec422500,0x00000000ec900000)
  to   space 2560K, 0% used [0x00000000ebb00000,0x00000000ebb00000,0x00000000ebd80000)
 ParOldGen       total 44032K, used 12360K [0x00000000c0000000, 0x00000000c2b00000, 0x00000000eab00000)
  object space 44032K, 28% used [0x00000000c0000000,0x00000000c0c122b0,0x00000000c2b00000)
 Metaspace       used 20735K, capacity 21160K, committed 21248K, reserved 1067008K
  class space    used 2670K, capacity 2802K, committed 2816K, reserved 1048576K
}
Event: 8.427 GC heap before
{Heap before GC invocations=9 (full 1):
 PSYoungGen      total 23552K, used 2185K [0x00000000eab00000, 0x00000000ec900000, 0x0000000100000000)
  eden space 16384K, 0% used [0x00000000eab00000,0x00000000eab00000,0x00000000ebb00000)
  from space 7168K, 30% used [0x00000000ec200000,0x00000000ec422500,0x00000000ec900000)
  to   space 2560K, 0% used [0x00000000ebb00000,0x00000000ebb00000,0x00000000ebd80000)
 ParOldGen       total 44032K, used 12360K [0x00000000c0000000, 0x00000000c2b00000, 0x00000000eab00000)
  object space 44032K, 28% used [0x00000000c0000000,0x00000000c0c122b0,0x00000000c2b00000)
 Metaspace       used 20735K, capacity 21160K, committed 21248K, reserved 1067008K
  class space    used 2670K, capacity 2802K, committed 2816K, reserved 1048576K
Event: 8.523 GC heap after
Heap after GC invocations=9 (full 1):
 PSYoungGen      total 23552K, used 0K [0x00000000eab00000, 0x00000000ec900000, 0x0000000100000000)
  eden space 16384K, 0% used [0x00000000eab00000,0x00000000eab00000,0x00000000ebb00000)
  from space 7168K, 0% used [0x00000000ec200000,0x00000000ec200000,0x00000000ec900000)
  to   space 2560K, 0% used [0x00000000ebb00000,0x00000000ebb00000,0x00000000ebd80000)
 ParOldGen       total 35328K, used 9553K [0x00000000c0000000, 0x00000000c2280000, 0x00000000eab00000)
  object space 35328K, 27% used [0x00000000c0000000,0x00000000c09546a8,0x00000000c2280000)
 Metaspace       used 20735K, capacity 21160K, committed 21248K, reserved 1067008K
  class space    used 2670K, capacity 2802K, committed 2816K, reserved 1048576K
}
Event: 8.998 GC heap before
{Heap before GC invocations=10 (full 1):
 PSYoungGen      total 23552K, used 16384K [0x00000000eab00000, 0x00000000ec900000, 0x0000000100000000)
  eden space 16384K, 100% used [0x00000000eab00000,0x00000000ebb00000,0x00000000ebb00000)
  from space 7168K, 0% used [0x00000000ec200000,0x00000000ec200000,0x00000000ec900000)
  to   space 2560K, 0% used [0x00000000ebb00000,0x00000000ebb00000,0x00000000ebd80000)
 ParOldGen       total 35328K, used 9553K [0x00000000c0000000, 0x00000000c2280000, 0x00000000eab00000)
  object space 35328K, 27% used [0x00000000c0000000,0x00000000c09546a8,0x00000000c2280000)
 Metaspace       used 22474K, capacity 22988K, committed 23168K, reserved 1069056K
  class space    used 2967K, capacity 3154K, committed 3200K, reserved 1048576K
Event: 9.005 GC heap after
Heap after GC invocations=10 (full 1):
 PSYoungGen      total 18944K, used 2530K [0x00000000eab00000, 0x00000000ec900000, 0x0000000100000000)
  eden space 16384K, 0% used [0x00000000eab00000,0x00000000eab00000,0x00000000ebb00000)
  from space 2560K, 98% used [0x00000000ebb00000,0x00000000ebd78ac8,0x00000000ebd80000)
  to   space 7168K, 0% used [0x00000000ec200000,0x00000000ec200000,0x00000000ec900000)
 ParOldGen       total 35328K, used 9694K [0x00000000c0000000, 0x00000000c2280000, 0x00000000eab00000)
  object space 35328K, 27% used [0x00000000c0000000,0x00000000c0977af8,0x00000000c2280000)
 Metaspace       used 22474K, capacity 22988K, committed 23168K, reserved 1069056K
  class space    used 2967K, capacity 3154K, committed 3200K, reserved 1048576K
}
Event: 9.548 GC heap before
{Heap before GC invocations=11 (full 1):
 PSYoungGen      total 18944K, used 18914K [0x00000000eab00000, 0x00000000ec900000, 0x0000000100000000)
  eden space 16384K, 100% used [0x00000000eab00000,0x00000000ebb00000,0x00000000ebb00000)
  from space 2560K, 98% used [0x00000000ebb00000,0x00000000ebd78ac8,0x00000000ebd80000)
  to   space 7168K, 0% used [0x00000000ec200000,0x00000000ec200000,0x00000000ec900000)
 ParOldGen       total 35328K, used 9694K [0x00000000c0000000, 0x00000000c2280000, 0x00000000eab00000)
  object space 35328K, 27% used [0x00000000c0000000,0x00000000c0977af8,0x00000000c2280000)
 Metaspace       used 23518K, capacity 24140K, committed 24320K, reserved 1071104K
  class space    used 3127K, capacity 3325K, committed 3328K, reserved 1048576K
Event: 9.558 GC heap after
Heap after GC invocations=11 (full 1):
 PSYoungGen      total 23552K, used 2736K [0x00000000eab00000, 0x00000000ed000000, 0x0000000100000000)
  eden space 16384K, 0% used [0x00000000eab00000,0x00000000eab00000,0x00000000ebb00000)
  from space 7168K, 38% used [0x00000000ec200000,0x00000000ec4ac2e0,0x00000000ec900000)
  to   space 7168K, 0% used [0x00000000ebb00000,0x00000000ebb00000,0x00000000ec200000)
 ParOldGen       total 35328K, used 9702K [0x00000000c0000000, 0x00000000c2280000, 0x00000000eab00000)
  object space 35328K, 27% used [0x00000000c0000000,0x00000000c0979af8,0x00000000c2280000)
 Metaspace       used 23518K, capacity 24140K, committed 24320K, reserved 1071104K
  class space    used 3127K, capacity 3325K, committed 3328K, reserved 1048576K
}
Event: 9.959 GC heap before
{Heap before GC invocations=12 (full 1):
 PSYoungGen      total 23552K, used 19120K [0x00000000eab00000, 0x00000000ed000000, 0x0000000100000000)
  eden space 16384K, 100% used [0x00000000eab00000,0x00000000ebb00000,0x00000000ebb00000)
  from space 7168K, 38% used [0x00000000ec200000,0x00000000ec4ac2e0,0x00000000ec900000)
  to   space 7168K, 0% used [0x00000000ebb00000,0x00000000ebb00000,0x00000000ec200000)
 ParOldGen       total 35328K, used 9702K [0x00000000c0000000, 0x00000000c2280000, 0x00000000eab00000)
  object space 35328K, 27% used [0x00000000c0000000,0x00000000c0979af8,0x00000000c2280000)
 Metaspace       used 24695K, capacity 25340K, committed 25600K, reserved 1071104K
  class space    used 3352K, capacity 3528K, committed 3584K, reserved 1048576K
Event: 9.968 GC heap after
Heap after GC invocations=12 (full 1):
 PSYoungGen      total 23552K, used 1611K [0x00000000eab00000, 0x00000000ed100000, 0x0000000100000000)
  eden space 16384K, 0% used [0x00000000eab00000,0x00000000eab00000,0x00000000ebb00000)
  from space 7168K, 22% used [0x00000000ebb00000,0x00000000ebc92f90,0x00000000ec200000)
  to   space 7680K, 0% used [0x00000000ec980000,0x00000000ec980000,0x00000000ed100000)
 ParOldGen       total 35328K, used 11586K [0x00000000c0000000, 0x00000000c2280000, 0x00000000eab00000)
  object space 35328K, 32% used [0x00000000c0000000,0x00000000c0b50b18,0x00000000c2280000)
 Metaspace       used 24695K, capacity 25340K, committed 25600K, reserved 1071104K
  class space    used 3352K, capacity 3528K, committed 3584K, reserved 1048576K
}

