# JRE version: OpenJDK Runtime Environment (8.0_76-b03) (build 1.8.0_76-release-b03)
# Java VM: OpenJDK 64-Bit Server VM (25.76-b03 mixed mode windows-amd64 compressed oops)
Heap:
 PSYoungGen      total 111104K, used 41199K [0x00000000eab00000, 0x00000000f2800000, 0x0000000100000000)
  eden space 102912K, 40% used [0x00000000eab00000,0x00000000ed33bf20,0x00000000f0f80000)
  from space 8192K, 0% used [0x00000000f1800000,0x00000000f1800000,0x00000000f2000000)
  to   space 8704K, 0% used [0x00000000f0f80000,0x00000000f0f80000,0x00000000f1800000)
 ParOldGen       total 34816K, used 15065K [0x00000000c0000000, 0x00000000c2200000, 0x00000000eab00000)
  object space 34816K, 43% used [0x00000000c0000000,0x00000000c0eb6770,0x00000000c2200000)
 Metaspace       used 38612K, capacity 39506K, committed 39856K, reserved 1083392K
  class space    used 5245K, capacity 5504K, committed 5552K, reserved 1048576K
GC Heap History (10 events):
Event: 17.382 GC heap before
{Heap before GC invocations=10 (full 1):
 PSYoungGen      total 59392K, used 58903K [0x00000000eab00000, 0x00000000ef700000, 0x0000000100000000)
  eden space 54272K, 100% used [0x00000000eab00000,0x00000000ee000000,0x00000000ee000000)
  from space 5120K, 90% used [0x00000000ef200000,0x00000000ef685e10,0x00000000ef700000)
  to   space 7168K, 0% used [0x00000000ee900000,0x00000000ee900000,0x00000000ef000000)
 ParOldGen       total 34816K, used 8850K [0x00000000c0000000, 0x00000000c2200000, 0x00000000eab00000)
  object space 34816K, 25% used [0x00000000c0000000,0x00000000c08a49f0,0x00000000c2200000)
 Metaspace       used 27922K, capacity 28522K, committed 28720K, reserved 1073152K
  class space    used 3856K, capacity 4037K, committed 4144K, reserved 1048576K
Event: 17.403 GC heap after
Heap after GC invocations=10 (full 1):
 PSYoungGen      total 70656K, used 6962K [0x00000000eab00000, 0x00000000f0480000, 0x0000000100000000)
  eden space 63488K, 0% used [0x00000000eab00000,0x00000000eab00000,0x00000000ee900000)
  from space 7168K, 97% used [0x00000000ee900000,0x00000000eefcc958,0x00000000ef000000)
  to   space 7680K, 0% used [0x00000000efd00000,0x00000000efd00000,0x00000000f0480000)
 ParOldGen       total 34816K, used 8930K [0x00000000c0000000, 0x00000000c2200000, 0x00000000eab00000)
  object space 34816K, 25% used [0x00000000c0000000,0x00000000c08b8a18,0x00000000c2200000)
 Metaspace       used 27922K, capacity 28522K, committed 28720K, reserved 1073152K
  class space    used 3856K, capacity 4037K, committed 4144K, reserved 1048576K
}
Event: 20.174 GC heap before
{Heap before GC invocations=11 (full 1):
 PSYoungGen      total 70656K, used 70450K [0x00000000eab00000, 0x00000000f0480000, 0x0000000100000000)
  eden space 63488K, 100% used [0x00000000eab00000,0x00000000ee900000,0x00000000ee900000)
  from space 7168K, 97% used [0x00000000ee900000,0x00000000eefcc958,0x00000000ef000000)
  to   space 7680K, 0% used [0x00000000efd00000,0x00000000efd00000,0x00000000f0480000)
 ParOldGen       total 34816K, used 8930K [0x00000000c0000000, 0x00000000c2200000, 0x00000000eab00000)
  object space 34816K, 25% used [0x00000000c0000000,0x00000000c08b8a18,0x00000000c2200000)
 Metaspace       used 28528K, capacity 29186K, committed 29488K, reserved 1075200K
  class space    used 3870K, capacity 4041K, committed 4144K, reserved 1048576K
Event: 20.182 GC heap after
Heap after GC invocations=11 (full 1):
 PSYoungGen      total 83968K, used 2848K [0x00000000eab00000, 0x00000000f0f00000, 0x0000000100000000)
  eden space 76288K, 0% used [0x00000000eab00000,0x00000000eab00000,0x00000000ef580000)
  from space 7680K, 37% used [0x00000000efd00000,0x00000000effc8000,0x00000000f0480000)
  to   space 7680K, 0% used [0x00000000ef580000,0x00000000ef580000,0x00000000efd00000)
 ParOldGen       total 34816K, used 10830K [0x00000000c0000000, 0x00000000c2200000, 0x00000000eab00000)
  object space 34816K, 31% used [0x00000000c0000000,0x00000000c0a93a38,0x00000000c2200000)
 Metaspace       used 28528K, capacity 29186K, committed 29488K, reserved 1075200K
  class space    used 3870K, capacity 4041K, committed 4144K, reserved 1048576K
}
Event: 23.451 GC heap before
{Heap before GC invocations=12 (full 1):
 PSYoungGen      total 83968K, used 79136K [0x00000000eab00000, 0x00000000f0f00000, 0x0000000100000000)
  eden space 76288K, 100% used [0x00000000eab00000,0x00000000ef580000,0x00000000ef580000)
  from space 7680K, 37% used [0x00000000efd00000,0x00000000effc8000,0x00000000f0480000)
  to   space 7680K, 0% used [0x00000000ef580000,0x00000000ef580000,0x00000000efd00000)
 ParOldGen       total 34816K, used 10830K [0x00000000c0000000, 0x00000000c2200000, 0x00000000eab00000)
  object space 34816K, 31% used [0x00000000c0000000,0x00000000c0a93a38,0x00000000c2200000)
 Metaspace       used 33873K, capacity 34574K, committed 34736K, reserved 1079296K
  class space    used 4561K, capacity 4757K, committed 4784K, reserved 1048576K
Event: 23.473 GC heap after
Heap after GC invocations=12 (full 1):
 PSYoungGen      total 83968K, used 6928K [0x00000000eab00000, 0x00000000f2000000, 0x0000000100000000)
  eden space 76288K, 0% used [0x00000000eab00000,0x00000000eab00000,0x00000000ef580000)
  from space 7680K, 90% used [0x00000000ef580000,0x00000000efc441a0,0x00000000efd00000)
  to   space 8192K, 0% used [0x00000000f1800000,0x00000000f1800000,0x00000000f2000000)
 ParOldGen       total 34816K, used 12330K [0x00000000c0000000, 0x00000000c2200000, 0x00000000eab00000)
  object space 34816K, 35% used [0x00000000c0000000,0x00000000c0c0aa48,0x00000000c2200000)
 Metaspace       used 33873K, capacity 34574K, committed 34736K, reserved 1079296K
  class space    used 4561K, capacity 4757K, committed 4784K, reserved 1048576K
}
Event: 23.671 GC heap before
{Heap before GC invocations=13 (full 1):
 PSYoungGen      total 83968K, used 15889K [0x00000000eab00000, 0x00000000f2000000, 0x0000000100000000)
  eden space 76288K, 11% used [0x00000000eab00000,0x00000000eb3c0608,0x00000000ef580000)
  from space 7680K, 90% used [0x00000000ef580000,0x00000000efc441a0,0x00000000efd00000)
  to   space 8192K, 0% used [0x00000000f1800000,0x00000000f1800000,0x00000000f2000000)
 ParOldGen       total 34816K, used 12330K [0x00000000c0000000, 0x00000000c2200000, 0x00000000eab00000)
  object space 34816K, 35% used [0x00000000c0000000,0x00000000c0c0aa48,0x00000000c2200000)
 Metaspace       used 34689K, capacity 35346K, committed 35496K, reserved 1079296K
  class space    used 4660K, capacity 4859K, committed 4912K, reserved 1048576K
Event: 23.683 GC heap after
Heap after GC invocations=13 (full 1):
 PSYoungGen      total 111104K, used 1154K [0x00000000eab00000, 0x00000000f2800000, 0x0000000100000000)
  eden space 102912K, 0% used [0x00000000eab00000,0x00000000eab00000,0x00000000f0f80000)
  from space 8192K, 14% used [0x00000000f1800000,0x00000000f1920b10,0x00000000f2000000)
  to   space 8704K, 0% used [0x00000000f0f80000,0x00000000f0f80000,0x00000000f1800000)
 ParOldGen       total 34816K, used 14972K [0x00000000c0000000, 0x00000000c2200000, 0x00000000eab00000)
  object space 34816K, 43% used [0x00000000c0000000,0x00000000c0e9f278,0x00000000c2200000)
 Metaspace       used 34689K, capacity 35346K, committed 35496K, reserved 1079296K
  class space    used 4660K, capacity 4859K, committed 4912K, reserved 1048576K
}
Event: 23.683 GC heap before
{Heap before GC invocations=14 (full 2):
 PSYoungGen      total 111104K, used 1154K [0x00000000eab00000, 0x00000000f2800000, 0x0000000100000000)
  eden space 102912K, 0% used [0x00000000eab00000,0x00000000eab00000,0x00000000f0f80000)
  from space 8192K, 14% used [0x00000000f1800000,0x00000000f1920b10,0x00000000f2000000)
  to   space 8704K, 0% used [0x00000000f0f80000,0x00000000f0f80000,0x00000000f1800000)
 ParOldGen       total 34816K, used 14972K [0x00000000c0000000, 0x00000000c2200000, 0x00000000eab00000)
  object space 34816K, 43% used [0x00000000c0000000,0x00000000c0e9f278,0x00000000c2200000)
 Metaspace       used 34689K, capacity 35346K, committed 35496K, reserved 1079296K
  class space    used 4660K, capacity 4859K, committed 4912K, reserved 1048576K
Event: 23.898 GC heap after
Heap after GC invocations=14 (full 2):
 PSYoungGen      total 111104K, used 0K [0x00000000eab00000, 0x00000000f2800000, 0x0000000100000000)
  eden space 102912K, 0% used [0x00000000eab00000,0x00000000eab00000,0x00000000f0f80000)
  from space 8192K, 0% used [0x00000000f1800000,0x00000000f1800000,0x00000000f2000000)
  to   space 8704K, 0% used [0x00000000f0f80000,0x00000000f0f80000,0x00000000f1800000)
 ParOldGen       total 34816K, used 15065K [0x00000000c0000000, 0x00000000c2200000, 0x00000000eab00000)
  object space 34816K, 43% used [0x00000000c0000000,0x00000000c0eb6770,0x00000000c2200000)
 Metaspace       used 34689K, capacity 35346K, committed 35496K, reserved 1079296K
  class space    used 4660K, capacity 4859K, committed 4912K, reserved 1048576K
}

