# JRE version: OpenJDK Runtime Environment (8.0_76-b03) (build 1.8.0_76-release-b03)
# Java VM: OpenJDK 64-Bit Server VM (25.76-b03 mixed mode windows-amd64 compressed oops)
Heap:
 PSYoungGen      total 70144K, used 7866K [0x00000000eab00000, 0x00000000f0300000, 0x0000000100000000)
  eden space 62976K, 3% used [0x00000000eab00000,0x00000000ead72148,0x00000000ee880000)
  from space 7168K, 74% used [0x00000000ee880000,0x00000000eedbc898,0x00000000eef80000)
  to   space 7680K, 0% used [0x00000000efb80000,0x00000000efb80000,0x00000000f0300000)
 ParOldGen       total 38400K, used 12352K [0x00000000c0000000, 0x00000000c2580000, 0x00000000eab00000)
  object space 38400K, 32% used [0x00000000c0000000,0x00000000c0c103a0,0x00000000c2580000)
 Metaspace       used 33090K, capacity 33832K, committed 34176K, reserved 1079296K
  class space    used 4450K, capacity 4660K, committed 4736K, reserved 1048576K
GC Heap History (10 events):
Event: 5.115 GC heap before
{Heap before GC invocations=8 (full 1):
 PSYoungGen      total 39936K, used 5304K [0x00000000eab00000, 0x00000000ef900000, 0x0000000100000000)
  eden space 32768K, 0% used [0x00000000eab00000,0x00000000eab00000,0x00000000ecb00000)
  from space 7168K, 74% used [0x00000000ecb00000,0x00000000ed02e278,0x00000000ed200000)
  to   space 7168K, 0% used [0x00000000ef200000,0x00000000ef200000,0x00000000ef900000)
 ParOldGen       total 44032K, used 9285K [0x00000000c0000000, 0x00000000c2b00000, 0x00000000eab00000)
  object space 44032K, 21% used [0x00000000c0000000,0x00000000c0911708,0x00000000c2b00000)
 Metaspace       used 20740K, capacity 21194K, committed 21248K, reserved 1067008K
  class space    used 2674K, capacity 2797K, committed 2816K, reserved 1048576K
Event: 5.221 GC heap after
Heap after GC invocations=8 (full 1):
 PSYoungGen      total 39936K, used 0K [0x00000000eab00000, 0x00000000ef900000, 0x0000000100000000)
  eden space 32768K, 0% used [0x00000000eab00000,0x00000000eab00000,0x00000000ecb00000)
  from space 7168K, 0% used [0x00000000ecb00000,0x00000000ecb00000,0x00000000ed200000)
  to   space 7168K, 0% used [0x00000000ef200000,0x00000000ef200000,0x00000000ef900000)
 ParOldGen       total 38400K, used 8846K [0x00000000c0000000, 0x00000000c2580000, 0x00000000eab00000)
  object space 38400K, 23% used [0x00000000c0000000,0x00000000c08a39b0,0x00000000c2580000)
 Metaspace       used 20740K, capacity 21194K, committed 21248K, reserved 1067008K
  class space    used 2674K, capacity 2797K, committed 2816K, reserved 1048576K
}
Event: 6.174 GC heap before
{Heap before GC invocations=9 (full 1):
 PSYoungGen      total 39936K, used 32768K [0x00000000eab00000, 0x00000000ef900000, 0x0000000100000000)
  eden space 32768K, 100% used [0x00000000eab00000,0x00000000ecb00000,0x00000000ecb00000)
  from space 7168K, 0% used [0x00000000ecb00000,0x00000000ecb00000,0x00000000ed200000)
  to   space 7168K, 0% used [0x00000000ef200000,0x00000000ef200000,0x00000000ef900000)
 ParOldGen       total 38400K, used 8846K [0x00000000c0000000, 0x00000000c2580000, 0x00000000eab00000)
  object space 38400K, 23% used [0x00000000c0000000,0x00000000c08a39b0,0x00000000c2580000)
 Metaspace       used 23498K, capacity 24110K, committed 24320K, reserved 1071104K
  class space    used 3129K, capacity 3320K, committed 3328K, reserved 1048576K
Event: 6.342 GC heap after
Heap after GC invocations=9 (full 1):
 PSYoungGen      total 60416K, used 4598K [0x00000000eab00000, 0x00000000ef680000, 0x0000000100000000)
  eden space 55808K, 0% used [0x00000000eab00000,0x00000000eab00000,0x00000000ee180000)
  from space 4608K, 99% used [0x00000000ef200000,0x00000000ef67d928,0x00000000ef680000)
  to   space 7168K, 0% used [0x00000000ee880000,0x00000000ee880000,0x00000000eef80000)
 ParOldGen       total 38400K, used 8846K [0x00000000c0000000, 0x00000000c2580000, 0x00000000eab00000)
  object space 38400K, 23% used [0x00000000c0000000,0x00000000c08a39b0,0x00000000c2580000)
 Metaspace       used 23498K, capacity 24110K, committed 24320K, reserved 1071104K
  class space    used 3129K, capacity 3320K, committed 3328K, reserved 1048576K
}
Event: 7.887 GC heap before
{Heap before GC invocations=10 (full 1):
 PSYoungGen      total 60416K, used 60406K [0x00000000eab00000, 0x00000000ef680000, 0x0000000100000000)
  eden space 55808K, 100% used [0x00000000eab00000,0x00000000ee180000,0x00000000ee180000)
  from space 4608K, 99% used [0x00000000ef200000,0x00000000ef67d928,0x00000000ef680000)
  to   space 7168K, 0% used [0x00000000ee880000,0x00000000ee880000,0x00000000eef80000)
 ParOldGen       total 38400K, used 8846K [0x00000000c0000000, 0x00000000c2580000, 0x00000000eab00000)
  object space 38400K, 23% used [0x00000000c0000000,0x00000000c08a39b0,0x00000000c2580000)
 Metaspace       used 27969K, capacity 28548K, committed 28672K, reserved 1073152K
  class space    used 3852K, capacity 4004K, committed 4096K, reserved 1048576K
Event: 7.902 GC heap after
Heap after GC invocations=10 (full 1):
 PSYoungGen      total 62976K, used 7145K [0x00000000eab00000, 0x00000000ef680000, 0x0000000100000000)
  eden space 55808K, 0% used [0x00000000eab00000,0x00000000eab00000,0x00000000ee180000)
  from space 7168K, 99% used [0x00000000ee880000,0x00000000eef7a4c8,0x00000000eef80000)
  to   space 4608K, 0% used [0x00000000ef200000,0x00000000ef200000,0x00000000ef680000)
 ParOldGen       total 38400K, used 8984K [0x00000000c0000000, 0x00000000c2580000, 0x00000000eab00000)
  object space 38400K, 23% used [0x00000000c0000000,0x00000000c08c6370,0x00000000c2580000)
 Metaspace       used 27969K, capacity 28548K, committed 28672K, reserved 1073152K
  class space    used 3852K, capacity 4004K, committed 4096K, reserved 1048576K
}
Event: 9.525 GC heap before
{Heap before GC invocations=11 (full 1):
 PSYoungGen      total 62976K, used 62953K [0x00000000eab00000, 0x00000000ef680000, 0x0000000100000000)
  eden space 55808K, 100% used [0x00000000eab00000,0x00000000ee180000,0x00000000ee180000)
  from space 7168K, 99% used [0x00000000ee880000,0x00000000eef7a4c8,0x00000000eef80000)
  to   space 4608K, 0% used [0x00000000ef200000,0x00000000ef200000,0x00000000ef680000)
 ParOldGen       total 38400K, used 8984K [0x00000000c0000000, 0x00000000c2580000, 0x00000000eab00000)
  object space 38400K, 23% used [0x00000000c0000000,0x00000000c08c6370,0x00000000c2580000)
 Metaspace       used 28474K, capacity 29084K, committed 29440K, reserved 1075200K
  class space    used 3864K, capacity 4008K, committed 4096K, reserved 1048576K
Event: 9.540 GC heap after
Heap after GC invocations=11 (full 1):
 PSYoungGen      total 60416K, used 2688K [0x00000000eab00000, 0x00000000ef680000, 0x0000000100000000)
  eden space 55808K, 0% used [0x00000000eab00000,0x00000000eab00000,0x00000000ee180000)
  from space 4608K, 58% used [0x00000000ef200000,0x00000000ef4a0000,0x00000000ef680000)
  to   space 7168K, 0% used [0x00000000ee880000,0x00000000ee880000,0x00000000eef80000)
 ParOldGen       total 38400K, used 10860K [0x00000000c0000000, 0x00000000c2580000, 0x00000000eab00000)
  object space 38400K, 28% used [0x00000000c0000000,0x00000000c0a9b390,0x00000000c2580000)
 Metaspace       used 28474K, capacity 29084K, committed 29440K, reserved 1075200K
  class space    used 3864K, capacity 4008K, committed 4096K, reserved 1048576K
}
Event: 11.623 GC heap before
{Heap before GC invocations=12 (full 1):
 PSYoungGen      total 60416K, used 58496K [0x00000000eab00000, 0x00000000ef680000, 0x0000000100000000)
  eden space 55808K, 100% used [0x00000000eab00000,0x00000000ee180000,0x00000000ee180000)
  from space 4608K, 58% used [0x00000000ef200000,0x00000000ef4a0000,0x00000000ef680000)
  to   space 7168K, 0% used [0x00000000ee880000,0x00000000ee880000,0x00000000eef80000)
 ParOldGen       total 38400K, used 10860K [0x00000000c0000000, 0x00000000c2580000, 0x00000000eab00000)
  object space 38400K, 28% used [0x00000000c0000000,0x00000000c0a9b390,0x00000000c2580000)
 Metaspace       used 33042K, capacity 33832K, committed 34176K, reserved 1079296K
  class space    used 4449K, capacity 4660K, committed 4736K, reserved 1048576K
Event: 11.643 GC heap after
Heap after GC invocations=12 (full 1):
 PSYoungGen      total 70144K, used 5362K [0x00000000eab00000, 0x00000000f0300000, 0x0000000100000000)
  eden space 62976K, 0% used [0x00000000eab00000,0x00000000eab00000,0x00000000ee880000)
  from space 7168K, 74% used [0x00000000ee880000,0x00000000eedbc898,0x00000000eef80000)
  to   space 7680K, 0% used [0x00000000efb80000,0x00000000efb80000,0x00000000f0300000)
 ParOldGen       total 38400K, used 12352K [0x00000000c0000000, 0x00000000c2580000, 0x00000000eab00000)
  object space 38400K, 32% used [0x00000000c0000000,0x00000000c0c103a0,0x00000000c2580000)
 Metaspace       used 33042K, capacity 33832K, committed 34176K, reserved 1079296K
  class space    used 4449K, capacity 4660K, committed 4736K, reserved 1048576K
}

