# JRE version: OpenJDK Runtime Environment (8.0_76-b03) (build 1.8.0_76-release-b03)
# Java VM: OpenJDK 64-Bit Server VM (25.76-b03 mixed mode windows-amd64 compressed oops)
Heap:
 PSYoungGen      total 68608K, used 33690K [0x00000000eab00000, 0x00000000efb00000, 0x0000000100000000)
  eden space 60416K, 42% used [0x00000000eab00000,0x00000000ec41eed8,0x00000000ee600000)
  from space 8192K, 97% used [0x00000000eef00000,0x00000000ef6c7c60,0x00000000ef700000)
  to   space 9216K, 0% used [0x00000000ee600000,0x00000000ee600000,0x00000000eef00000)
 ParOldGen       total 59392K, used 15214K [0x00000000c0000000, 0x00000000c3a00000, 0x00000000eab00000)
  object space 59392K, 25% used [0x00000000c0000000,0x00000000c0edbae0,0x00000000c3a00000)
 Metaspace       used 51868K, capacity 54592K, committed 54824K, reserved 1097728K
  class space    used 6687K, capacity 7173K, committed 7208K, reserved 1048576K
GC Heap History (10 events):
Event: 4807.776 GC heap before
{Heap before GC invocations=33 (full 5):
 PSYoungGen      total 58880K, used 592K [0x00000000eab00000, 0x00000000eee00000, 0x0000000100000000)
  eden space 52224K, 0% used [0x00000000eab00000,0x00000000eab00000,0x00000000ede00000)
  from space 6656K, 8% used [0x00000000ee780000,0x00000000ee814010,0x00000000eee00000)
  to   space 8192K, 0% used [0x00000000ede00000,0x00000000ede00000,0x00000000ee600000)
 ParOldGen       total 59392K, used 17385K [0x00000000c0000000, 0x00000000c3a00000, 0x00000000eab00000)
  object space 59392K, 29% used [0x00000000c0000000,0x00000000c10fa748,0x00000000c3a00000)
 Metaspace       used 49092K, capacity 50886K, committed 51112K, reserved 1093632K
  class space    used 6253K, capacity 6531K, committed 6568K, reserved 1048576K
Event: 4808.010 GC heap after
Heap after GC invocations=33 (full 5):
 PSYoungGen      total 58880K, used 0K [0x00000000eab00000, 0x00000000eee00000, 0x0000000100000000)
  eden space 52224K, 0% used [0x00000000eab00000,0x00000000eab00000,0x00000000ede00000)
  from space 6656K, 0% used [0x00000000ee780000,0x00000000ee780000,0x00000000eee00000)
  to   space 8192K, 0% used [0x00000000ede00000,0x00000000ede00000,0x00000000ee600000)
 ParOldGen       total 59392K, used 15182K [0x00000000c0000000, 0x00000000c3a00000, 0x00000000eab00000)
  object space 59392K, 25% used [0x00000000c0000000,0x00000000c0ed3ae0,0x00000000c3a00000)
 Metaspace       used 48599K, capacity 50112K, committed 51112K, reserved 1093632K
  class space    used 6168K, capacity 6377K, committed 6568K, reserved 1048576K
}
Event: 4841.693 GC heap before
{Heap before GC invocations=34 (full 5):
 PSYoungGen      total 58880K, used 52224K [0x00000000eab00000, 0x00000000eee00000, 0x0000000100000000)
  eden space 52224K, 100% used [0x00000000eab00000,0x00000000ede00000,0x00000000ede00000)
  from space 6656K, 0% used [0x00000000ee780000,0x00000000ee780000,0x00000000eee00000)
  to   space 8192K, 0% used [0x00000000ede00000,0x00000000ede00000,0x00000000ee600000)
 ParOldGen       total 59392K, used 15182K [0x00000000c0000000, 0x00000000c3a00000, 0x00000000eab00000)
  object space 59392K, 25% used [0x00000000c0000000,0x00000000c0ed3ae0,0x00000000c3a00000)
 Metaspace       used 49115K, capacity 50940K, committed 51368K, reserved 1093632K
  class space    used 6249K, capacity 6516K, committed 6568K, reserved 1048576K
Event: 4841.698 GC heap after
Heap after GC invocations=34 (full 5):
 PSYoungGen      total 60416K, used 3584K [0x00000000eab00000, 0x00000000ef180000, 0x0000000100000000)
  eden space 52224K, 0% used [0x00000000eab00000,0x00000000eab00000,0x00000000ede00000)
  from space 8192K, 43% used [0x00000000ede00000,0x00000000ee180000,0x00000000ee600000)
  to   space 8192K, 0% used [0x00000000ee980000,0x00000000ee980000,0x00000000ef180000)
 ParOldGen       total 59392K, used 15190K [0x00000000c0000000, 0x00000000c3a00000, 0x00000000eab00000)
  object space 59392K, 25% used [0x00000000c0000000,0x00000000c0ed5ae0,0x00000000c3a00000)
 Metaspace       used 49115K, capacity 50940K, committed 51368K, reserved 1093632K
  class space    used 6249K, capacity 6516K, committed 6568K, reserved 1048576K
}
Event: 4842.702 GC heap before
{Heap before GC invocations=35 (full 5):
 PSYoungGen      total 60416K, used 55808K [0x00000000eab00000, 0x00000000ef180000, 0x0000000100000000)
  eden space 52224K, 100% used [0x00000000eab00000,0x00000000ede00000,0x00000000ede00000)
  from space 8192K, 43% used [0x00000000ede00000,0x00000000ee180000,0x00000000ee600000)
  to   space 8192K, 0% used [0x00000000ee980000,0x00000000ee980000,0x00000000ef180000)
 ParOldGen       total 59392K, used 15190K [0x00000000c0000000, 0x00000000c3a00000, 0x00000000eab00000)
  object space 59392K, 25% used [0x00000000c0000000,0x00000000c0ed5ae0,0x00000000c3a00000)
 Metaspace       used 49230K, capacity 51022K, committed 51368K, reserved 1093632K
  class space    used 6254K, capacity 6522K, committed 6568K, reserved 1048576K
Event: 4842.712 GC heap after
Heap after GC invocations=35 (full 5):
 PSYoungGen      total 64512K, used 4160K [0x00000000eab00000, 0x00000000ef280000, 0x0000000100000000)
  eden space 56320K, 0% used [0x00000000eab00000,0x00000000eab00000,0x00000000ee200000)
  from space 8192K, 50% used [0x00000000ee980000,0x00000000eed90000,0x00000000ef180000)
  to   space 7680K, 0% used [0x00000000ee200000,0x00000000ee200000,0x00000000ee980000)
 ParOldGen       total 59392K, used 15198K [0x00000000c0000000, 0x00000000c3a00000, 0x00000000eab00000)
  object space 59392K, 25% used [0x00000000c0000000,0x00000000c0ed7ae0,0x00000000c3a00000)
 Metaspace       used 49230K, capacity 51022K, committed 51368K, reserved 1093632K
  class space    used 6254K, capacity 6522K, committed 6568K, reserved 1048576K
}
Event: 4927.839 GC heap before
{Heap before GC invocations=36 (full 5):
 PSYoungGen      total 64512K, used 60480K [0x00000000eab00000, 0x00000000ef280000, 0x0000000100000000)
  eden space 56320K, 100% used [0x00000000eab00000,0x00000000ee200000,0x00000000ee200000)
  from space 8192K, 50% used [0x00000000ee980000,0x00000000eed90000,0x00000000ef180000)
  to   space 7680K, 0% used [0x00000000ee200000,0x00000000ee200000,0x00000000ee980000)
 ParOldGen       total 59392K, used 15198K [0x00000000c0000000, 0x00000000c3a00000, 0x00000000eab00000)
  object space 59392K, 25% used [0x00000000c0000000,0x00000000c0ed7ae0,0x00000000c3a00000)
 Metaspace       used 49469K, capacity 51612K, committed 51752K, reserved 1093632K
  class space    used 6293K, capacity 6633K, committed 6696K, reserved 1048576K
Event: 4927.847 GC heap after
Heap after GC invocations=36 (full 5):
 PSYoungGen      total 64000K, used 4912K [0x00000000eab00000, 0x00000000ef700000, 0x0000000100000000)
  eden space 56320K, 0% used [0x00000000eab00000,0x00000000eab00000,0x00000000ee200000)
  from space 7680K, 63% used [0x00000000ee200000,0x00000000ee6cc010,0x00000000ee980000)
  to   space 8192K, 0% used [0x00000000eef00000,0x00000000eef00000,0x00000000ef700000)
 ParOldGen       total 59392K, used 15206K [0x00000000c0000000, 0x00000000c3a00000, 0x00000000eab00000)
  object space 59392K, 25% used [0x00000000c0000000,0x00000000c0ed9ae0,0x00000000c3a00000)
 Metaspace       used 49469K, capacity 51612K, committed 51752K, reserved 1093632K
  class space    used 6293K, capacity 6633K, committed 6696K, reserved 1048576K
}
Event: 4929.544 GC heap before
{Heap before GC invocations=37 (full 5):
 PSYoungGen      total 64000K, used 61232K [0x00000000eab00000, 0x00000000ef700000, 0x0000000100000000)
  eden space 56320K, 100% used [0x00000000eab00000,0x00000000ee200000,0x00000000ee200000)
  from space 7680K, 63% used [0x00000000ee200000,0x00000000ee6cc010,0x00000000ee980000)
  to   space 8192K, 0% used [0x00000000eef00000,0x00000000eef00000,0x00000000ef700000)
 ParOldGen       total 59392K, used 15206K [0x00000000c0000000, 0x00000000c3a00000, 0x00000000eab00000)
  object space 59392K, 25% used [0x00000000c0000000,0x00000000c0ed9ae0,0x00000000c3a00000)
 Metaspace       used 50717K, capacity 53296K, committed 53416K, reserved 1095680K
  class space    used 6491K, capacity 6961K, committed 7080K, reserved 1048576K
Event: 4929.565 GC heap after
Heap after GC invocations=37 (full 5):
 PSYoungGen      total 68608K, used 7967K [0x00000000eab00000, 0x00000000efb00000, 0x0000000100000000)
  eden space 60416K, 0% used [0x00000000eab00000,0x00000000eab00000,0x00000000ee600000)
  from space 8192K, 97% used [0x00000000eef00000,0x00000000ef6c7c60,0x00000000ef700000)
  to   space 9216K, 0% used [0x00000000ee600000,0x00000000ee600000,0x00000000eef00000)
 ParOldGen       total 59392K, used 15214K [0x00000000c0000000, 0x00000000c3a00000, 0x00000000eab00000)
  object space 59392K, 25% used [0x00000000c0000000,0x00000000c0edbae0,0x00000000c3a00000)
 Metaspace       used 50717K, capacity 53296K, committed 53416K, reserved 1095680K
  class space    used 6491K, capacity 6961K, committed 7080K, reserved 1048576K
}

