# JRE version: OpenJDK Runtime Environment (8.0_76-b03) (build 1.8.0_76-release-b03)
# Java VM: OpenJDK 64-Bit Server VM (25.76-b03 mixed mode windows-amd64 compressed oops)
Heap:
 PSYoungGen      total 74240K, used 12428K [0x00000000eab00000, 0x00000000f1c00000, 0x0000000100000000)
  eden space 65536K, 7% used [0x00000000eab00000,0x00000000eaf97f00,0x00000000eeb00000)
  from space 8704K, 88% used [0x00000000eeb00000,0x00000000ef28b340,0x00000000ef380000)
  to   space 9728K, 0% used [0x00000000f1280000,0x00000000f1280000,0x00000000f1c00000)
 ParOldGen       total 43008K, used 12224K [0x00000000c0000000, 0x00000000c2a00000, 0x00000000eab00000)
  object space 43008K, 28% used [0x00000000c0000000,0x00000000c0bf0298,0x00000000c2a00000)
 Metaspace       used 26148K, capacity 26762K, committed 26800K, reserved 1073152K
  class space    used 3602K, capacity 3749K, committed 3760K, reserved 1048576K
GC Heap History (10 events):
Event: 2.888 GC heap before
{Heap before GC invocations=4 (full 0):
 PSYoungGen      total 18944K, used 18936K [0x00000000eab00000, 0x00000000ed000000, 0x0000000100000000)
  eden space 16384K, 100% used [0x00000000eab00000,0x00000000ebb00000,0x00000000ebb00000)
  from space 2560K, 99% used [0x00000000ebb00000,0x00000000ebd7e030,0x00000000ebd80000)
  to   space 2560K, 0% used [0x00000000ecd80000,0x00000000ecd80000,0x00000000ed000000)
 ParOldGen       total 44032K, used 2761K [0x00000000c0000000, 0x00000000c2b00000, 0x00000000eab00000)
  object space 44032K, 6% used [0x00000000c0000000,0x00000000c02b25f0,0x00000000c2b00000)
 Metaspace       used 12830K, capacity 13166K, committed 13440K, reserved 1060864K
  class space    used 1704K, capacity 1823K, committed 1920K, reserved 1048576K
Event: 2.897 GC heap after
Heap after GC invocations=4 (full 0):
 PSYoungGen      total 35328K, used 2536K [0x00000000eab00000, 0x00000000ed000000, 0x0000000100000000)
  eden space 32768K, 0% used [0x00000000eab00000,0x00000000eab00000,0x00000000ecb00000)
  from space 2560K, 99% used [0x00000000ecd80000,0x00000000ecffa020,0x00000000ed000000)
  to   space 2560K, 0% used [0x00000000ecb00000,0x00000000ecb00000,0x00000000ecd80000)
 ParOldGen       total 44032K, used 4757K [0x00000000c0000000, 0x00000000c2b00000, 0x00000000eab00000)
  object space 44032K, 10% used [0x00000000c0000000,0x00000000c04a5428,0x00000000c2b00000)
 Metaspace       used 12830K, capacity 13166K, committed 13440K, reserved 1060864K
  class space    used 1704K, capacity 1823K, committed 1920K, reserved 1048576K
}
Event: 4.113 GC heap before
{Heap before GC invocations=5 (full 0):
 PSYoungGen      total 35328K, used 35304K [0x00000000eab00000, 0x00000000ed000000, 0x0000000100000000)
  eden space 32768K, 100% used [0x00000000eab00000,0x00000000ecb00000,0x00000000ecb00000)
  from space 2560K, 99% used [0x00000000ecd80000,0x00000000ecffa020,0x00000000ed000000)
  to   space 2560K, 0% used [0x00000000ecb00000,0x00000000ecb00000,0x00000000ecd80000)
 ParOldGen       total 44032K, used 4757K [0x00000000c0000000, 0x00000000c2b00000, 0x00000000eab00000)
  object space 44032K, 10% used [0x00000000c0000000,0x00000000c04a5428,0x00000000c2b00000)
 Metaspace       used 18823K, capacity 19170K, committed 19328K, reserved 1067008K
  class space    used 2514K, capacity 2642K, committed 2688K, reserved 1048576K
Event: 4.127 GC heap after
Heap after GC invocations=5 (full 0):
 PSYoungGen      total 35328K, used 2552K [0x00000000eab00000, 0x00000000efc00000, 0x0000000100000000)
  eden space 32768K, 0% used [0x00000000eab00000,0x00000000eab00000,0x00000000ecb00000)
  from space 2560K, 99% used [0x00000000ecb00000,0x00000000ecd7e030,0x00000000ecd80000)
  to   space 8704K, 0% used [0x00000000ef380000,0x00000000ef380000,0x00000000efc00000)
 ParOldGen       total 44032K, used 10968K [0x00000000c0000000, 0x00000000c2b00000, 0x00000000eab00000)
  object space 44032K, 24% used [0x00000000c0000000,0x00000000c0ab6230,0x00000000c2b00000)
 Metaspace       used 18823K, capacity 19170K, committed 19328K, reserved 1067008K
  class space    used 2514K, capacity 2642K, committed 2688K, reserved 1048576K
}
Event: 4.724 GC heap before
{Heap before GC invocations=6 (full 0):
 PSYoungGen      total 35328K, used 22522K [0x00000000eab00000, 0x00000000efc00000, 0x0000000100000000)
  eden space 32768K, 60% used [0x00000000eab00000,0x00000000ebe80878,0x00000000ecb00000)
  from space 2560K, 99% used [0x00000000ecb00000,0x00000000ecd7e030,0x00000000ecd80000)
  to   space 8704K, 0% used [0x00000000ef380000,0x00000000ef380000,0x00000000efc00000)
 ParOldGen       total 44032K, used 10968K [0x00000000c0000000, 0x00000000c2b00000, 0x00000000eab00000)
  object space 44032K, 24% used [0x00000000c0000000,0x00000000c0ab6230,0x00000000c2b00000)
 Metaspace       used 20809K, capacity 21232K, committed 21296K, reserved 1067008K
  class space    used 2709K, capacity 2830K, committed 2864K, reserved 1048576K
Event: 4.742 GC heap after
Heap after GC invocations=6 (full 0):
 PSYoungGen      total 74240K, used 5402K [0x00000000eab00000, 0x00000000efc00000, 0x0000000100000000)
  eden space 65536K, 0% used [0x00000000eab00000,0x00000000eab00000,0x00000000eeb00000)
  from space 8704K, 62% used [0x00000000ef380000,0x00000000ef8c6840,0x00000000efc00000)
  to   space 8704K, 0% used [0x00000000eeb00000,0x00000000eeb00000,0x00000000ef380000)
 ParOldGen       total 44032K, used 10976K [0x00000000c0000000, 0x00000000c2b00000, 0x00000000eab00000)
  object space 44032K, 24% used [0x00000000c0000000,0x00000000c0ab8230,0x00000000c2b00000)
 Metaspace       used 20809K, capacity 21232K, committed 21296K, reserved 1067008K
  class space    used 2709K, capacity 2830K, committed 2864K, reserved 1048576K
}
Event: 4.742 GC heap before
{Heap before GC invocations=7 (full 1):
 PSYoungGen      total 74240K, used 5402K [0x00000000eab00000, 0x00000000efc00000, 0x0000000100000000)
  eden space 65536K, 0% used [0x00000000eab00000,0x00000000eab00000,0x00000000eeb00000)
  from space 8704K, 62% used [0x00000000ef380000,0x00000000ef8c6840,0x00000000efc00000)
  to   space 8704K, 0% used [0x00000000eeb00000,0x00000000eeb00000,0x00000000ef380000)
 ParOldGen       total 44032K, used 10976K [0x00000000c0000000, 0x00000000c2b00000, 0x00000000eab00000)
  object space 44032K, 24% used [0x00000000c0000000,0x00000000c0ab8230,0x00000000c2b00000)
 Metaspace       used 20809K, capacity 21232K, committed 21296K, reserved 1067008K
  class space    used 2709K, capacity 2830K, committed 2864K, reserved 1048576K
Event: 4.826 GC heap after
Heap after GC invocations=7 (full 1):
 PSYoungGen      total 74240K, used 0K [0x00000000eab00000, 0x00000000efc00000, 0x0000000100000000)
  eden space 65536K, 0% used [0x00000000eab00000,0x00000000eab00000,0x00000000eeb00000)
  from space 8704K, 0% used [0x00000000ef380000,0x00000000ef380000,0x00000000efc00000)
  to   space 8704K, 0% used [0x00000000eeb00000,0x00000000eeb00000,0x00000000ef380000)
 ParOldGen       total 43008K, used 12224K [0x00000000c0000000, 0x00000000c2a00000, 0x00000000eab00000)
  object space 43008K, 28% used [0x00000000c0000000,0x00000000c0bf0298,0x00000000c2a00000)
 Metaspace       used 20809K, capacity 21232K, committed 21296K, reserved 1067008K
  class space    used 2709K, capacity 2830K, committed 2864K, reserved 1048576K
}
Event: 6.587 GC heap before
{Heap before GC invocations=8 (full 1):
 PSYoungGen      total 74240K, used 65536K [0x00000000eab00000, 0x00000000efc00000, 0x0000000100000000)
  eden space 65536K, 100% used [0x00000000eab00000,0x00000000eeb00000,0x00000000eeb00000)
  from space 8704K, 0% used [0x00000000ef380000,0x00000000ef380000,0x00000000efc00000)
  to   space 8704K, 0% used [0x00000000eeb00000,0x00000000eeb00000,0x00000000ef380000)
 ParOldGen       total 43008K, used 12224K [0x00000000c0000000, 0x00000000c2a00000, 0x00000000eab00000)
  object space 43008K, 28% used [0x00000000c0000000,0x00000000c0bf0298,0x00000000c2a00000)
 Metaspace       used 25880K, capacity 26474K, committed 26544K, reserved 1073152K
  class space    used 3559K, capacity 3717K, committed 3760K, reserved 1048576K
Event: 6.601 GC heap after
Heap after GC invocations=8 (full 1):
 PSYoungGen      total 74240K, used 7724K [0x00000000eab00000, 0x00000000f1c00000, 0x0000000100000000)
  eden space 65536K, 0% used [0x00000000eab00000,0x00000000eab00000,0x00000000eeb00000)
  from space 8704K, 88% used [0x00000000eeb00000,0x00000000ef28b340,0x00000000ef380000)
  to   space 9728K, 0% used [0x00000000f1280000,0x00000000f1280000,0x00000000f1c00000)
 ParOldGen       total 43008K, used 12224K [0x00000000c0000000, 0x00000000c2a00000, 0x00000000eab00000)
  object space 43008K, 28% used [0x00000000c0000000,0x00000000c0bf0298,0x00000000c2a00000)
 Metaspace       used 25880K, capacity 26474K, committed 26544K, reserved 1073152K
  class space    used 3559K, capacity 3717K, committed 3760K, reserved 1048576K
}

